        -:    0:Source:main.c
        -:    0:Graph:main.gcno
        -:    0:Data:main.gcda
        -:    0:Runs:1
        -:    0:Programs:1
        -:    1:#include <stdio.h>
        -:    2:#include "main.h"
    #####:    3:int main(int argc, char **argv)
        -:    4:{
        -:    5:
        -:    6:/*	char a[3];
        -:    7:	a[0] = a[1] = a[2] = 'a';
        -:    8:	int i = 0;
        -:    9:
        -:   10:	a[1 + (i++) ] = 'b';
        -:   11:
        -:   12:
        -:   13:	printf("%c %c %c\n", a[0], a[1], a[2]);
        -:   14:
        -:   15:*/
        -:   16:
        -:   17:#define TITLE1 "Celsius"
        -:   18:#define TITLE2 "Farhenheit"
        -:   19:
        -:   20:
    #####:   21:gcov_clear();
        1:   22:int f = fun(3);
        1:   23:int x = strlen(TITLE1);
        1:   24:int len2 = strlen(TITLE2);
        1:   25:char readingsFormatting [300]  = {'\0'};
        1:   26:char headerFormatting [300] = {'\0'};
        1:   27:char tmp[50] ={'\0'};
        -:   28:
        1:   29:sprintf(tmp, "%%%d.%ds %%%d.%ds",x+1,x+1, len2+1,len2+1);
        3:   30:for (int i = 0; i < 2 ; i++)
        2:   31:	strcat(headerFormatting, tmp);
        1:   32:	strcat(headerFormatting, "\n");
        1:   33:printf ("%s\n", headerFormatting);
        1:   34:printf (headerFormatting, TITLE1, TITLE2, TITLE1, TITLE2);
        1:   35:printf (headerFormatting, "==================", "==================", "==================", "==================");
        -:   36:
        1:   37:char *tmp1 = strchr(headerFormatting,'s');
        6:   38:while (tmp1!=NULL)
        -:   39:{
        4:   40: *tmp1 = 'd';	
        4:   41: tmp1 = strchr(tmp1+1,'s');
        -:   42:}
        1:   43:printf("%s\n",headerFormatting);
        -:   44:
        1:   45:printf(headerFormatting, 7 , 220, 300, 100);
        -:   46:}
